[2017-08-21 16:01:42] Текст ошибки: Нет соединения с БД | Файл: D:\WebServer\domains\ishop2.loc\vendor\ishop\core\Db.php | Строка: 14
=================
[2017-08-22 08:49:56] Текст ошибки: Страница не найдена | Файл: D:\WebServer\domains\ishop2.loc\vendor\ishop\core\Router.php | Строка: 39
=================
[2017-08-22 08:49:56] Текст ошибки: Страница не найдена | Файл: D:\WebServer\domains\ishop2.loc\vendor\ishop\core\Router.php | Строка: 39
=================
[2017-08-22 08:52:48] Текст ошибки: Страница не найдена | Файл: D:\WebServer\domains\ishop2.loc\vendor\ishop\core\Router.php | Строка: 39
=================
[2017-08-22 08:52:48] Текст ошибки: Страница не найдена | Файл: D:\WebServer\domains\ishop2.loc\vendor\ishop\core\Router.php | Строка: 39
=================
[2017-08-22 08:52:48] Текст ошибки: Страница не найдена | Файл: D:\WebServer\domains\ishop2.loc\vendor\ishop\core\Router.php | Строка: 39
=================
[2017-08-22 08:52:48] Текст ошибки: Страница не найдена | Файл: D:\WebServer\domains\ishop2.loc\vendor\ishop\core\Router.php | Строка: 39
=================
[2017-08-22 08:52:48] Текст ошибки: Страница не найдена | Файл: D:\WebServer\domains\ishop2.loc\vendor\ishop\core\Router.php | Строка: 39
=================
[2017-08-22 08:52:48] Текст ошибки: Страница не найдена | Файл: D:\WebServer\domains\ishop2.loc\vendor\ishop\core\Router.php | Строка: 39
=================
[2017-08-22 08:52:48] Текст ошибки: Страница не найдена | Файл: D:\WebServer\domains\ishop2.loc\vendor\ishop\core\Router.php | Строка: 39
=================
[2017-08-22 08:52:48] Текст ошибки: Страница не найдена | Файл: D:\WebServer\domains\ishop2.loc\vendor\ishop\core\Router.php | Строка: 39
=================
[2017-08-22 08:52:48] Текст ошибки: Страница не найдена | Файл: D:\WebServer\domains\ishop2.loc\vendor\ishop\core\Router.php | Строка: 39
=================
[2017-08-22 08:52:48] Текст ошибки: Страница не найдена | Файл: D:\WebServer\domains\ishop2.loc\vendor\ishop\core\Router.php | Строка: 39
=================
[2017-08-22 08:52:48] Текст ошибки: Страница не найдена | Файл: D:\WebServer\domains\ishop2.loc\vendor\ishop\core\Router.php | Строка: 39
=================
[2017-08-22 08:52:48] Текст ошибки: Страница не найдена | Файл: D:\WebServer\domains\ishop2.loc\vendor\ishop\core\Router.php | Строка: 39
=================
[2017-08-22 08:52:48] Текст ошибки: Страница не найдена | Файл: D:\WebServer\domains\ishop2.loc\vendor\ishop\core\Router.php | Строка: 39
=================
[2017-08-22 08:52:48] Текст ошибки: Страница не найдена | Файл: D:\WebServer\domains\ishop2.loc\vendor\ishop\core\Router.php | Строка: 39
=================
[2017-08-22 08:52:48] Текст ошибки: Страница не найдена | Файл: D:\WebServer\domains\ishop2.loc\vendor\ishop\core\Router.php | Строка: 39
=================
[2017-08-22 08:52:48] Текст ошибки: Страница не найдена | Файл: D:\WebServer\domains\ishop2.loc\vendor\ishop\core\Router.php | Строка: 39
=================
[2017-08-22 08:52:48] Текст ошибки: Страница не найдена | Файл: D:\WebServer\domains\ishop2.loc\vendor\ishop\core\Router.php | Строка: 39
=================
[2017-08-22 08:52:48] Текст ошибки: Страница не найдена | Файл: D:\WebServer\domains\ishop2.loc\vendor\ishop\core\Router.php | Строка: 39
=================
[2017-08-22 08:52:48] Текст ошибки: Страница не найдена | Файл: D:\WebServer\domains\ishop2.loc\vendor\ishop\core\Router.php | Строка: 39
=================
[2017-08-22 08:52:48] Текст ошибки: Страница не найдена | Файл: D:\WebServer\domains\ishop2.loc\vendor\ishop\core\Router.php | Строка: 39
=================
[2017-08-22 08:52:48] Текст ошибки: Страница не найдена | Файл: D:\WebServer\domains\ishop2.loc\vendor\ishop\core\Router.php | Строка: 39
=================
[2017-08-22 08:52:48] Текст ошибки: Страница не найдена | Файл: D:\WebServer\domains\ishop2.loc\vendor\ishop\core\Router.php | Строка: 39
=================
[2017-08-22 08:52:48] Текст ошибки: Страница не найдена | Файл: D:\WebServer\domains\ishop2.loc\vendor\ishop\core\Router.php | Строка: 39
=================
[2017-08-22 08:52:48] Текст ошибки: Страница не найдена | Файл: D:\WebServer\domains\ishop2.loc\vendor\ishop\core\Router.php | Строка: 39
=================
[2017-08-22 08:52:48] Текст ошибки: Страница не найдена | Файл: D:\WebServer\domains\ishop2.loc\vendor\ishop\core\Router.php | Строка: 39
=================
[2017-08-22 08:52:48] Текст ошибки: Страница не найдена | Файл: D:\WebServer\domains\ishop2.loc\vendor\ishop\core\Router.php | Строка: 39
=================
[2017-08-22 08:52:48] Текст ошибки: Страница не найдена | Файл: D:\WebServer\domains\ishop2.loc\vendor\ishop\core\Router.php | Строка: 39
=================
[2017-08-22 08:52:48] Текст ошибки: Страница не найдена | Файл: D:\WebServer\domains\ishop2.loc\vendor\ishop\core\Router.php | Строка: 39
=================
[2017-08-22 08:52:48] Текст ошибки: Страница не найдена | Файл: D:\WebServer\domains\ishop2.loc\vendor\ishop\core\Router.php | Строка: 39
=================
[2017-08-22 08:52:48] Текст ошибки: Страница не найдена | Файл: D:\WebServer\domains\ishop2.loc\vendor\ishop\core\Router.php | Строка: 39
=================
[2017-08-22 08:52:48] Текст ошибки: Страница не найдена | Файл: D:\WebServer\domains\ishop2.loc\vendor\ishop\core\Router.php | Строка: 39
=================
[2017-08-22 08:52:48] Текст ошибки: Страница не найдена | Файл: D:\WebServer\domains\ishop2.loc\vendor\ishop\core\Router.php | Строка: 39
=================
[2017-08-22 08:52:48] Текст ошибки: Страница не найдена | Файл: D:\WebServer\domains\ishop2.loc\vendor\ishop\core\Router.php | Строка: 39
=================
[2017-08-22 08:52:48] Текст ошибки: Страница не найдена | Файл: D:\WebServer\domains\ishop2.loc\vendor\ishop\core\Router.php | Строка: 39
=================
[2017-08-22 08:52:48] Текст ошибки: Страница не найдена | Файл: D:\WebServer\domains\ishop2.loc\vendor\ishop\core\Router.php | Строка: 39
=================
[2017-08-22 08:52:48] Текст ошибки: Страница не найдена | Файл: D:\WebServer\domains\ishop2.loc\vendor\ishop\core\Router.php | Строка: 39
=================
[2017-08-22 08:52:48] Текст ошибки: Страница не найдена | Файл: D:\WebServer\domains\ishop2.loc\vendor\ishop\core\Router.php | Строка: 39
=================
[2017-08-22 08:52:48] Текст ошибки: Страница не найдена | Файл: D:\WebServer\domains\ishop2.loc\vendor\ishop\core\Router.php | Строка: 39
=================
[2017-08-22 08:52:48] Текст ошибки: Страница не найдена | Файл: D:\WebServer\domains\ishop2.loc\vendor\ishop\core\Router.php | Строка: 39
=================
[2017-08-22 08:52:48] Текст ошибки: Страница не найдена | Файл: D:\WebServer\domains\ishop2.loc\vendor\ishop\core\Router.php | Строка: 39
=================
[2017-08-22 08:52:48] Текст ошибки: Страница не найдена | Файл: D:\WebServer\domains\ishop2.loc\vendor\ishop\core\Router.php | Строка: 39
=================
[2017-08-22 08:52:48] Текст ошибки: Страница не найдена | Файл: D:\WebServer\domains\ishop2.loc\vendor\ishop\core\Router.php | Строка: 39
=================
[2017-08-22 08:52:48] Текст ошибки: Страница не найдена | Файл: D:\WebServer\domains\ishop2.loc\vendor\ishop\core\Router.php | Строка: 39
=================
[2017-08-22 08:52:48] Текст ошибки: Страница не найдена | Файл: D:\WebServer\domains\ishop2.loc\vendor\ishop\core\Router.php | Строка: 39
=================
[2017-08-22 08:53:07] Текст ошибки: Страница не найдена | Файл: D:\WebServer\domains\ishop2.loc\vendor\ishop\core\Router.php | Строка: 39
=================
[2017-08-22 08:53:07] Текст ошибки: Страница не найдена | Файл: D:\WebServer\domains\ishop2.loc\vendor\ishop\core\Router.php | Строка: 39
=================
[2017-08-22 08:53:07] Текст ошибки: Страница не найдена | Файл: D:\WebServer\domains\ishop2.loc\vendor\ishop\core\Router.php | Строка: 39
=================
[2017-08-22 08:53:07] Текст ошибки: Страница не найдена | Файл: D:\WebServer\domains\ishop2.loc\vendor\ishop\core\Router.php | Строка: 39
=================
[2017-08-22 08:53:07] Текст ошибки: Страница не найдена | Файл: D:\WebServer\domains\ishop2.loc\vendor\ishop\core\Router.php | Строка: 39
=================
[2017-08-22 08:53:07] Текст ошибки: Страница не найдена | Файл: D:\WebServer\domains\ishop2.loc\vendor\ishop\core\Router.php | Строка: 39
=================
[2017-08-22 08:53:07] Текст ошибки: Страница не найдена | Файл: D:\WebServer\domains\ishop2.loc\vendor\ishop\core\Router.php | Строка: 39
=================
[2017-08-22 08:53:07] Текст ошибки: Страница не найдена | Файл: D:\WebServer\domains\ishop2.loc\vendor\ishop\core\Router.php | Строка: 39
=================
[2017-08-22 08:53:07] Текст ошибки: Страница не найдена | Файл: D:\WebServer\domains\ishop2.loc\vendor\ishop\core\Router.php | Строка: 39
=================
[2017-08-22 08:53:07] Текст ошибки: Страница не найдена | Файл: D:\WebServer\domains\ishop2.loc\vendor\ishop\core\Router.php | Строка: 39
=================
[2017-08-22 08:53:07] Текст ошибки: Страница не найдена | Файл: D:\WebServer\domains\ishop2.loc\vendor\ishop\core\Router.php | Строка: 39
=================
[2017-08-22 08:53:07] Текст ошибки: Страница не найдена | Файл: D:\WebServer\domains\ishop2.loc\vendor\ishop\core\Router.php | Строка: 39
=================
[2017-08-22 08:53:07] Текст ошибки: Страница не найдена | Файл: D:\WebServer\domains\ishop2.loc\vendor\ishop\core\Router.php | Строка: 39
=================
[2017-08-22 08:53:07] Текст ошибки: Страница не найдена | Файл: D:\WebServer\domains\ishop2.loc\vendor\ishop\core\Router.php | Строка: 39
=================
[2017-08-22 08:53:07] Текст ошибки: Страница не найдена | Файл: D:\WebServer\domains\ishop2.loc\vendor\ishop\core\Router.php | Строка: 39
=================
[2017-08-22 08:53:07] Текст ошибки: Страница не найдена | Файл: D:\WebServer\domains\ishop2.loc\vendor\ishop\core\Router.php | Строка: 39
=================
[2017-08-22 08:53:07] Текст ошибки: Страница не найдена | Файл: D:\WebServer\domains\ishop2.loc\vendor\ishop\core\Router.php | Строка: 39
=================
[2017-08-22 08:53:07] Текст ошибки: Страница не найдена | Файл: D:\WebServer\domains\ishop2.loc\vendor\ishop\core\Router.php | Строка: 39
=================
[2017-08-22 08:53:07] Текст ошибки: Страница не найдена | Файл: D:\WebServer\domains\ishop2.loc\vendor\ishop\core\Router.php | Строка: 39
=================
[2017-08-22 08:53:07] Текст ошибки: Страница не найдена | Файл: D:\WebServer\domains\ishop2.loc\vendor\ishop\core\Router.php | Строка: 39
=================
[2017-08-22 08:53:07] Текст ошибки: Страница не найдена | Файл: D:\WebServer\domains\ishop2.loc\vendor\ishop\core\Router.php | Строка: 39
=================
[2017-08-22 08:53:07] Текст ошибки: Страница не найдена | Файл: D:\WebServer\domains\ishop2.loc\vendor\ishop\core\Router.php | Строка: 39
=================
[2017-08-22 08:53:07] Текст ошибки: Страница не найдена | Файл: D:\WebServer\domains\ishop2.loc\vendor\ishop\core\Router.php | Строка: 39
=================
[2017-08-22 08:53:07] Текст ошибки: Страница не найдена | Файл: D:\WebServer\domains\ishop2.loc\vendor\ishop\core\Router.php | Строка: 39
=================
[2017-08-22 08:53:07] Текст ошибки: Страница не найдена | Файл: D:\WebServer\domains\ishop2.loc\vendor\ishop\core\Router.php | Строка: 39
=================
[2017-08-22 08:53:07] Текст ошибки: Страница не найдена | Файл: D:\WebServer\domains\ishop2.loc\vendor\ishop\core\Router.php | Строка: 39
=================
[2017-08-22 08:53:07] Текст ошибки: Страница не найдена | Файл: D:\WebServer\domains\ishop2.loc\vendor\ishop\core\Router.php | Строка: 39
=================
[2017-08-22 08:53:07] Текст ошибки: Страница не найдена | Файл: D:\WebServer\domains\ishop2.loc\vendor\ishop\core\Router.php | Строка: 39
=================
[2017-08-22 08:53:07] Текст ошибки: Страница не найдена | Файл: D:\WebServer\domains\ishop2.loc\vendor\ishop\core\Router.php | Строка: 39
=================
[2017-08-22 08:53:07] Текст ошибки: Страница не найдена | Файл: D:\WebServer\domains\ishop2.loc\vendor\ishop\core\Router.php | Строка: 39
=================
[2017-08-22 08:53:07] Текст ошибки: Страница не найдена | Файл: D:\WebServer\domains\ishop2.loc\vendor\ishop\core\Router.php | Строка: 39
=================
[2017-08-22 08:53:07] Текст ошибки: Страница не найдена | Файл: D:\WebServer\domains\ishop2.loc\vendor\ishop\core\Router.php | Строка: 39
=================
[2017-08-22 08:53:07] Текст ошибки: Страница не найдена | Файл: D:\WebServer\domains\ishop2.loc\vendor\ishop\core\Router.php | Строка: 39
=================
[2017-08-22 08:53:07] Текст ошибки: Страница не найдена | Файл: D:\WebServer\domains\ishop2.loc\vendor\ishop\core\Router.php | Строка: 39
=================
[2017-08-22 08:53:07] Текст ошибки: Страница не найдена | Файл: D:\WebServer\domains\ishop2.loc\vendor\ishop\core\Router.php | Строка: 39
=================
[2017-08-22 08:53:07] Текст ошибки: Страница не найдена | Файл: D:\WebServer\domains\ishop2.loc\vendor\ishop\core\Router.php | Строка: 39
=================
[2017-08-22 08:53:07] Текст ошибки: Страница не найдена | Файл: D:\WebServer\domains\ishop2.loc\vendor\ishop\core\Router.php | Строка: 39
=================
[2017-08-22 08:53:07] Текст ошибки: Страница не найдена | Файл: D:\WebServer\domains\ishop2.loc\vendor\ishop\core\Router.php | Строка: 39
=================
[2017-08-22 08:53:07] Текст ошибки: Страница не найдена | Файл: D:\WebServer\domains\ishop2.loc\vendor\ishop\core\Router.php | Строка: 39
=================
[2017-08-22 08:53:07] Текст ошибки: Страница не найдена | Файл: D:\WebServer\domains\ishop2.loc\vendor\ishop\core\Router.php | Строка: 39
=================
[2017-08-22 08:53:07] Текст ошибки: Страница не найдена | Файл: D:\WebServer\domains\ishop2.loc\vendor\ishop\core\Router.php | Строка: 39
=================
[2017-08-22 08:53:07] Текст ошибки: Страница не найдена | Файл: D:\WebServer\domains\ishop2.loc\vendor\ishop\core\Router.php | Строка: 39
=================
[2017-08-22 08:53:07] Текст ошибки: Страница не найдена | Файл: D:\WebServer\domains\ishop2.loc\vendor\ishop\core\Router.php | Строка: 39
=================
[2017-08-22 08:53:07] Текст ошибки: Страница не найдена | Файл: D:\WebServer\domains\ishop2.loc\vendor\ishop\core\Router.php | Строка: 39
=================
[2017-08-22 08:53:26] Текст ошибки: Страница не найдена | Файл: D:\WebServer\domains\ishop2.loc\vendor\ishop\core\Router.php | Строка: 39
=================
[2017-08-22 08:53:26] Текст ошибки: Страница не найдена | Файл: D:\WebServer\domains\ishop2.loc\vendor\ishop\core\Router.php | Строка: 39
=================
[2017-08-22 08:53:26] Текст ошибки: Страница не найдена | Файл: D:\WebServer\domains\ishop2.loc\vendor\ishop\core\Router.php | Строка: 39
=================
[2017-08-22 08:53:26] Текст ошибки: Страница не найдена | Файл: D:\WebServer\domains\ishop2.loc\vendor\ishop\core\Router.php | Строка: 39
=================
[2017-08-22 08:53:26] Текст ошибки: Страница не найдена | Файл: D:\WebServer\domains\ishop2.loc\vendor\ishop\core\Router.php | Строка: 39
=================
[2017-08-22 08:53:26] Текст ошибки: Страница не найдена | Файл: D:\WebServer\domains\ishop2.loc\vendor\ishop\core\Router.php | Строка: 39
=================
[2017-08-22 08:53:26] Текст ошибки: Страница не найдена | Файл: D:\WebServer\domains\ishop2.loc\vendor\ishop\core\Router.php | Строка: 39
=================
[2017-08-22 08:53:26] Текст ошибки: Страница не найдена | Файл: D:\WebServer\domains\ishop2.loc\vendor\ishop\core\Router.php | Строка: 39
=================
[2017-08-22 08:53:26] Текст ошибки: Страница не найдена | Файл: D:\WebServer\domains\ishop2.loc\vendor\ishop\core\Router.php | Строка: 39
=================
[2017-08-22 08:53:26] Текст ошибки: Страница не найдена | Файл: D:\WebServer\domains\ishop2.loc\vendor\ishop\core\Router.php | Строка: 39
=================
[2017-08-22 08:53:26] Текст ошибки: Страница не найдена | Файл: D:\WebServer\domains\ishop2.loc\vendor\ishop\core\Router.php | Строка: 39
=================
[2017-08-22 08:53:26] Текст ошибки: Страница не найдена | Файл: D:\WebServer\domains\ishop2.loc\vendor\ishop\core\Router.php | Строка: 39
=================
[2017-08-22 08:53:26] Текст ошибки: Страница не найдена | Файл: D:\WebServer\domains\ishop2.loc\vendor\ishop\core\Router.php | Строка: 39
=================
[2017-08-22 08:53:26] Текст ошибки: Страница не найдена | Файл: D:\WebServer\domains\ishop2.loc\vendor\ishop\core\Router.php | Строка: 39
=================
[2017-08-22 08:53:26] Текст ошибки: Страница не найдена | Файл: D:\WebServer\domains\ishop2.loc\vendor\ishop\core\Router.php | Строка: 39
=================
[2017-08-22 08:53:26] Текст ошибки: Страница не найдена | Файл: D:\WebServer\domains\ishop2.loc\vendor\ishop\core\Router.php | Строка: 39
=================
[2017-08-22 08:53:26] Текст ошибки: Страница не найдена | Файл: D:\WebServer\domains\ishop2.loc\vendor\ishop\core\Router.php | Строка: 39
=================
[2017-08-22 08:53:26] Текст ошибки: Страница не найдена | Файл: D:\WebServer\domains\ishop2.loc\vendor\ishop\core\Router.php | Строка: 39
=================
[2017-08-22 08:53:26] Текст ошибки: Страница не найдена | Файл: D:\WebServer\domains\ishop2.loc\vendor\ishop\core\Router.php | Строка: 39
=================
[2017-08-22 08:53:26] Текст ошибки: Страница не найдена | Файл: D:\WebServer\domains\ishop2.loc\vendor\ishop\core\Router.php | Строка: 39
=================
[2017-08-22 08:53:26] Текст ошибки: Страница не найдена | Файл: D:\WebServer\domains\ishop2.loc\vendor\ishop\core\Router.php | Строка: 39
=================
[2017-08-22 08:53:26] Текст ошибки: Страница не найдена | Файл: D:\WebServer\domains\ishop2.loc\vendor\ishop\core\Router.php | Строка: 39
=================
[2017-08-22 08:53:26] Текст ошибки: Страница не найдена | Файл: D:\WebServer\domains\ishop2.loc\vendor\ishop\core\Router.php | Строка: 39
=================
[2017-08-22 08:53:26] Текст ошибки: Страница не найдена | Файл: D:\WebServer\domains\ishop2.loc\vendor\ishop\core\Router.php | Строка: 39
=================
[2017-08-22 08:53:26] Текст ошибки: Страница не найдена | Файл: D:\WebServer\domains\ishop2.loc\vendor\ishop\core\Router.php | Строка: 39
=================
[2017-08-22 08:53:26] Текст ошибки: Страница не найдена | Файл: D:\WebServer\domains\ishop2.loc\vendor\ishop\core\Router.php | Строка: 39
=================
[2017-08-22 08:53:26] Текст ошибки: Страница не найдена | Файл: D:\WebServer\domains\ishop2.loc\vendor\ishop\core\Router.php | Строка: 39
=================
[2017-08-22 08:53:26] Текст ошибки: Страница не найдена | Файл: D:\WebServer\domains\ishop2.loc\vendor\ishop\core\Router.php | Строка: 39
=================
[2017-08-22 08:53:26] Текст ошибки: Страница не найдена | Файл: D:\WebServer\domains\ishop2.loc\vendor\ishop\core\Router.php | Строка: 39
=================
[2017-08-22 08:53:26] Текст ошибки: Страница не найдена | Файл: D:\WebServer\domains\ishop2.loc\vendor\ishop\core\Router.php | Строка: 39
=================
[2017-08-22 08:53:26] Текст ошибки: Страница не найдена | Файл: D:\WebServer\domains\ishop2.loc\vendor\ishop\core\Router.php | Строка: 39
=================
[2017-08-22 08:53:26] Текст ошибки: Страница не найдена | Файл: D:\WebServer\domains\ishop2.loc\vendor\ishop\core\Router.php | Строка: 39
=================
[2017-08-22 08:53:26] Текст ошибки: Страница не найдена | Файл: D:\WebServer\domains\ishop2.loc\vendor\ishop\core\Router.php | Строка: 39
=================
[2017-08-22 08:53:26] Текст ошибки: Страница не найдена | Файл: D:\WebServer\domains\ishop2.loc\vendor\ishop\core\Router.php | Строка: 39
=================
[2017-08-22 08:53:26] Текст ошибки: Страница не найдена | Файл: D:\WebServer\domains\ishop2.loc\vendor\ishop\core\Router.php | Строка: 39
=================
[2017-08-22 08:53:26] Текст ошибки: Страница не найдена | Файл: D:\WebServer\domains\ishop2.loc\vendor\ishop\core\Router.php | Строка: 39
=================
[2017-08-22 08:53:26] Текст ошибки: Страница не найдена | Файл: D:\WebServer\domains\ishop2.loc\vendor\ishop\core\Router.php | Строка: 39
=================
[2017-08-22 08:53:26] Текст ошибки: Страница не найдена | Файл: D:\WebServer\domains\ishop2.loc\vendor\ishop\core\Router.php | Строка: 39
=================
[2017-08-22 08:53:26] Текст ошибки: Страница не найдена | Файл: D:\WebServer\domains\ishop2.loc\vendor\ishop\core\Router.php | Строка: 39
=================
[2017-08-22 08:53:26] Текст ошибки: Страница не найдена | Файл: D:\WebServer\domains\ishop2.loc\vendor\ishop\core\Router.php | Строка: 39
=================
[2017-08-22 08:53:26] Текст ошибки: Страница не найдена | Файл: D:\WebServer\domains\ishop2.loc\vendor\ishop\core\Router.php | Строка: 39
=================
[2017-08-22 08:53:26] Текст ошибки: Страница не найдена | Файл: D:\WebServer\domains\ishop2.loc\vendor\ishop\core\Router.php | Строка: 39
=================
[2017-08-22 08:53:26] Текст ошибки: Страница не найдена | Файл: D:\WebServer\domains\ishop2.loc\vendor\ishop\core\Router.php | Строка: 39
=================
[2017-08-22 08:53:26] Текст ошибки: Страница не найдена | Файл: D:\WebServer\domains\ishop2.loc\vendor\ishop\core\Router.php | Строка: 39
=================
[2017-08-22 08:54:17] Текст ошибки: Страница не найдена | Файл: D:\WebServer\domains\ishop2.loc\vendor\ishop\core\Router.php | Строка: 39
=================
[2017-08-22 08:54:19] Текст ошибки: Страница не найдена | Файл: D:\WebServer\domains\ishop2.loc\vendor\ishop\core\Router.php | Строка: 39
=================
[2017-08-22 12:09:30] Текст ошибки: Страница не найдена | Файл: D:\WebServer\domains\ishop2.loc\vendor\ishop\core\Router.php | Строка: 39
=================
[2017-08-22 12:09:30] Текст ошибки: Страница не найдена | Файл: D:\WebServer\domains\ishop2.loc\vendor\ishop\core\Router.php | Строка: 39
=================
[2017-08-22 12:54:44] Текст ошибки: Страница не найдена | Файл: D:\WebServer\domains\ishop2.loc\vendor\ishop\core\Router.php | Строка: 39
=================
[2017-08-22 13:12:46] Текст ошибки: Контроллер app\controllers\CartController не найден | Файл: D:\WebServer\domains\ishop2.loc\vendor\ishop\core\Router.php | Строка: 36
=================
[2017-08-22 16:29:27] Текст ошибки: Страница не найдена | Файл: D:\WebServer\domains\ishop2.loc\vendor\ishop\core\Router.php | Строка: 39
=================
[2017-08-22 16:29:27] Текст ошибки: Страница не найдена | Файл: D:\WebServer\domains\ishop2.loc\vendor\ishop\core\Router.php | Строка: 39
=================
[2017-08-23 09:05:20] Текст ошибки: Страница не найдена | Файл: D:\WebServer\domains\ishop2.loc\vendor\ishop\core\Router.php | Строка: 39
=================
[2017-08-23 09:05:21] Текст ошибки: Страница не найдена | Файл: D:\WebServer\domains\ishop2.loc\vendor\ishop\core\Router.php | Строка: 39
=================
[2017-08-23 12:28:14] Текст ошибки: Страница не найдена | Файл: D:\WebServer\domains\ishop2.loc\vendor\ishop\core\Router.php | Строка: 39
=================
[2017-08-23 12:28:14] Текст ошибки: Страница не найдена | Файл: D:\WebServer\domains\ishop2.loc\vendor\ishop\core\Router.php | Строка: 39
=================
[2017-08-23 12:42:37] Текст ошибки: Страница не найдена | Файл: D:\WebServer\domains\ishop2.loc\vendor\ishop\core\Router.php | Строка: 39
=================
[2017-08-23 12:44:03] Текст ошибки: Страница не найдена | Файл: D:\WebServer\domains\ishop2.loc\vendor\ishop\core\Router.php | Строка: 39
=================
[2017-08-23 12:45:48] Текст ошибки: Контроллер app\controllers\ProductController не найден | Файл: D:\WebServer\domains\ishop2.loc\vendor\ishop\core\Router.php | Строка: 36
=================
[2017-08-23 12:47:17] Текст ошибки: Страница не найдена | Файл: D:\WebServer\domains\ishop2.loc\vendor\ishop\core\Router.php | Строка: 39
=================
[2017-08-23 12:47:17] Текст ошибки: Страница не найдена | Файл: D:\WebServer\domains\ishop2.loc\vendor\ishop\core\Router.php | Строка: 39
=================
[2017-08-23 12:47:17] Текст ошибки: Страница не найдена | Файл: D:\WebServer\domains\ishop2.loc\vendor\ishop\core\Router.php | Строка: 39
=================
[2017-08-23 12:47:17] Текст ошибки: Страница не найдена | Файл: D:\WebServer\domains\ishop2.loc\vendor\ishop\core\Router.php | Строка: 39
=================
[2017-08-23 12:47:17] Текст ошибки: Страница не найдена | Файл: D:\WebServer\domains\ishop2.loc\vendor\ishop\core\Router.php | Строка: 39
=================
[2017-08-23 12:47:17] Текст ошибки: Страница не найдена | Файл: D:\WebServer\domains\ishop2.loc\vendor\ishop\core\Router.php | Строка: 39
=================
[2017-08-23 12:47:17] Текст ошибки: Страница не найдена | Файл: D:\WebServer\domains\ishop2.loc\vendor\ishop\core\Router.php | Строка: 39
=================
[2017-08-23 12:47:17] Текст ошибки: Страница не найдена | Файл: D:\WebServer\domains\ishop2.loc\vendor\ishop\core\Router.php | Строка: 39
=================
[2017-08-23 12:47:17] Текст ошибки: Страница не найдена | Файл: D:\WebServer\domains\ishop2.loc\vendor\ishop\core\Router.php | Строка: 39
=================
[2017-08-23 12:47:17] Текст ошибки: Страница не найдена | Файл: D:\WebServer\domains\ishop2.loc\vendor\ishop\core\Router.php | Строка: 39
=================
[2017-08-23 12:47:17] Текст ошибки: Страница не найдена | Файл: D:\WebServer\domains\ishop2.loc\vendor\ishop\core\Router.php | Строка: 39
=================
[2017-08-23 12:47:17] Текст ошибки: Страница не найдена | Файл: D:\WebServer\domains\ishop2.loc\vendor\ishop\core\Router.php | Строка: 39
=================
[2017-08-23 12:47:17] Текст ошибки: Страница не найдена | Файл: D:\WebServer\domains\ishop2.loc\vendor\ishop\core\Router.php | Строка: 39
=================
[2017-08-23 12:47:17] Текст ошибки: Страница не найдена | Файл: D:\WebServer\domains\ishop2.loc\vendor\ishop\core\Router.php | Строка: 39
=================
[2017-08-23 12:47:17] Текст ошибки: Страница не найдена | Файл: D:\WebServer\domains\ishop2.loc\vendor\ishop\core\Router.php | Строка: 39
=================
[2017-08-23 12:47:17] Текст ошибки: Страница не найдена | Файл: D:\WebServer\domains\ishop2.loc\vendor\ishop\core\Router.php | Строка: 39
=================
[2017-08-23 12:47:36] Текст ошибки: Страница не найдена | Файл: D:\WebServer\domains\ishop2.loc\vendor\ishop\core\Router.php | Строка: 39
=================
[2017-08-23 12:47:36] Текст ошибки: Страница не найдена | Файл: D:\WebServer\domains\ishop2.loc\vendor\ishop\core\Router.php | Строка: 39
=================
[2017-08-23 12:47:36] Текст ошибки: Страница не найдена | Файл: D:\WebServer\domains\ishop2.loc\vendor\ishop\core\Router.php | Строка: 39
=================
[2017-08-23 12:47:36] Текст ошибки: Страница не найдена | Файл: D:\WebServer\domains\ishop2.loc\vendor\ishop\core\Router.php | Строка: 39
=================
[2017-08-23 12:47:36] Текст ошибки: Страница не найдена | Файл: D:\WebServer\domains\ishop2.loc\vendor\ishop\core\Router.php | Строка: 39
=================
[2017-08-23 12:47:36] Текст ошибки: Страница не найдена | Файл: D:\WebServer\domains\ishop2.loc\vendor\ishop\core\Router.php | Строка: 39
=================
[2017-08-23 12:47:36] Текст ошибки: Страница не найдена | Файл: D:\WebServer\domains\ishop2.loc\vendor\ishop\core\Router.php | Строка: 39
=================
[2017-08-23 12:47:36] Текст ошибки: Страница не найдена | Файл: D:\WebServer\domains\ishop2.loc\vendor\ishop\core\Router.php | Строка: 39
=================
[2017-08-23 12:47:36] Текст ошибки: Страница не найдена | Файл: D:\WebServer\domains\ishop2.loc\vendor\ishop\core\Router.php | Строка: 39
=================
[2017-08-23 12:47:36] Текст ошибки: Страница не найдена | Файл: D:\WebServer\domains\ishop2.loc\vendor\ishop\core\Router.php | Строка: 39
=================
[2017-08-23 12:47:36] Текст ошибки: Страница не найдена | Файл: D:\WebServer\domains\ishop2.loc\vendor\ishop\core\Router.php | Строка: 39
=================
[2017-08-23 12:47:36] Текст ошибки: Страница не найдена | Файл: D:\WebServer\domains\ishop2.loc\vendor\ishop\core\Router.php | Строка: 39
=================
[2017-08-23 12:47:36] Текст ошибки: Страница не найдена | Файл: D:\WebServer\domains\ishop2.loc\vendor\ishop\core\Router.php | Строка: 39
=================
[2017-08-23 12:47:36] Текст ошибки: Страница не найдена | Файл: D:\WebServer\domains\ishop2.loc\vendor\ishop\core\Router.php | Строка: 39
=================
[2017-08-23 12:47:36] Текст ошибки: Страница не найдена | Файл: D:\WebServer\domains\ishop2.loc\vendor\ishop\core\Router.php | Строка: 39
=================
[2017-08-23 12:47:36] Текст ошибки: Страница не найдена | Файл: D:\WebServer\domains\ishop2.loc\vendor\ishop\core\Router.php | Строка: 39
=================
[2017-08-23 12:48:04] Текст ошибки: Страница не найдена | Файл: D:\WebServer\domains\ishop2.loc\vendor\ishop\core\Router.php | Строка: 39
=================
[2017-08-23 12:48:04] Текст ошибки: Страница не найдена | Файл: D:\WebServer\domains\ishop2.loc\vendor\ishop\core\Router.php | Строка: 39
=================
[2017-08-23 12:48:04] Текст ошибки: Страница не найдена | Файл: D:\WebServer\domains\ishop2.loc\vendor\ishop\core\Router.php | Строка: 39
=================
[2017-08-23 12:48:04] Текст ошибки: Страница не найдена | Файл: D:\WebServer\domains\ishop2.loc\vendor\ishop\core\Router.php | Строка: 39
=================
[2017-08-23 12:48:04] Текст ошибки: Страница не найдена | Файл: D:\WebServer\domains\ishop2.loc\vendor\ishop\core\Router.php | Строка: 39
=================
[2017-08-23 12:48:04] Текст ошибки: Страница не найдена | Файл: D:\WebServer\domains\ishop2.loc\vendor\ishop\core\Router.php | Строка: 39
=================
[2017-08-23 12:48:04] Текст ошибки: Страница не найдена | Файл: D:\WebServer\domains\ishop2.loc\vendor\ishop\core\Router.php | Строка: 39
=================
[2017-08-23 12:48:04] Текст ошибки: Страница не найдена | Файл: D:\WebServer\domains\ishop2.loc\vendor\ishop\core\Router.php | Строка: 39
=================
[2017-08-23 12:48:04] Текст ошибки: Страница не найдена | Файл: D:\WebServer\domains\ishop2.loc\vendor\ishop\core\Router.php | Строка: 39
=================
[2017-08-23 12:48:04] Текст ошибки: Страница не найдена | Файл: D:\WebServer\domains\ishop2.loc\vendor\ishop\core\Router.php | Строка: 39
=================
[2017-08-23 12:48:05] Текст ошибки: Страница не найдена | Файл: D:\WebServer\domains\ishop2.loc\vendor\ishop\core\Router.php | Строка: 39
=================
[2017-08-23 12:48:05] Текст ошибки: Страница не найдена | Файл: D:\WebServer\domains\ishop2.loc\vendor\ishop\core\Router.php | Строка: 39
=================
[2017-08-23 12:48:05] Текст ошибки: Страница не найдена | Файл: D:\WebServer\domains\ishop2.loc\vendor\ishop\core\Router.php | Строка: 39
=================
[2017-08-23 12:48:05] Текст ошибки: Страница не найдена | Файл: D:\WebServer\domains\ishop2.loc\vendor\ishop\core\Router.php | Строка: 39
=================
[2017-08-23 12:48:05] Текст ошибки: Страница не найдена | Файл: D:\WebServer\domains\ishop2.loc\vendor\ishop\core\Router.php | Строка: 39
=================
[2017-08-23 12:48:12] Текст ошибки: Страница не найдена | Файл: D:\WebServer\domains\ishop2.loc\vendor\ishop\core\Router.php | Строка: 39
=================
[2017-08-23 12:48:12] Текст ошибки: Страница не найдена | Файл: D:\WebServer\domains\ishop2.loc\vendor\ishop\core\Router.php | Строка: 39
=================
[2017-08-23 12:48:12] Текст ошибки: Страница не найдена | Файл: D:\WebServer\domains\ishop2.loc\vendor\ishop\core\Router.php | Строка: 39
=================
[2017-08-23 12:48:12] Текст ошибки: Страница не найдена | Файл: D:\WebServer\domains\ishop2.loc\vendor\ishop\core\Router.php | Строка: 39
=================
[2017-08-23 12:48:12] Текст ошибки: Страница не найдена | Файл: D:\WebServer\domains\ishop2.loc\vendor\ishop\core\Router.php | Строка: 39
=================
[2017-08-23 12:48:12] Текст ошибки: Страница не найдена | Файл: D:\WebServer\domains\ishop2.loc\vendor\ishop\core\Router.php | Строка: 39
=================
[2017-08-23 12:48:12] Текст ошибки: Страница не найдена | Файл: D:\WebServer\domains\ishop2.loc\vendor\ishop\core\Router.php | Строка: 39
=================
[2017-08-23 12:48:12] Текст ошибки: Страница не найдена | Файл: D:\WebServer\domains\ishop2.loc\vendor\ishop\core\Router.php | Строка: 39
=================
[2017-08-23 12:48:12] Текст ошибки: Страница не найдена | Файл: D:\WebServer\domains\ishop2.loc\vendor\ishop\core\Router.php | Строка: 39
=================
[2017-08-23 12:48:12] Текст ошибки: Страница не найдена | Файл: D:\WebServer\domains\ishop2.loc\vendor\ishop\core\Router.php | Строка: 39
=================
[2017-08-23 12:48:12] Текст ошибки: Страница не найдена | Файл: D:\WebServer\domains\ishop2.loc\vendor\ishop\core\Router.php | Строка: 39
=================
[2017-08-23 12:48:12] Текст ошибки: Страница не найдена | Файл: D:\WebServer\domains\ishop2.loc\vendor\ishop\core\Router.php | Строка: 39
=================
[2017-08-23 12:48:12] Текст ошибки: Страница не найдена | Файл: D:\WebServer\domains\ishop2.loc\vendor\ishop\core\Router.php | Строка: 39
=================
[2017-08-23 12:48:12] Текст ошибки: Страница не найдена | Файл: D:\WebServer\domains\ishop2.loc\vendor\ishop\core\Router.php | Строка: 39
=================
[2017-08-23 12:48:12] Текст ошибки: Страница не найдена | Файл: D:\WebServer\domains\ishop2.loc\vendor\ishop\core\Router.php | Строка: 39
=================
[2017-08-23 12:48:12] Текст ошибки: Страница не найдена | Файл: D:\WebServer\domains\ishop2.loc\vendor\ishop\core\Router.php | Строка: 39
=================
[2017-08-23 12:48:47] Текст ошибки: Страница не найдена | Файл: D:\WebServer\domains\ishop2.loc\vendor\ishop\core\Router.php | Строка: 39
=================
[2017-08-23 12:54:04] Текст ошибки: Страница не найдена | Файл: D:\WebServer\domains\ishop2.loc\app\controllers\ProductController.php | Строка: 11
=================
[2017-08-23 16:15:37] Текст ошибки: Страница не найдена | Файл: D:\WebServer\domains\ishop2.loc\vendor\ishop\core\Router.php | Строка: 39
=================
[2017-08-23 16:15:37] Текст ошибки: Страница не найдена | Файл: D:\WebServer\domains\ishop2.loc\vendor\ishop\core\Router.php | Строка: 39
=================
[2017-08-23 16:21:55] Текст ошибки: SQLSTATE[42S02]: Base table or view not found: 1146 Table 'ishop2.realted_product' doesn't exist | Файл: D:\WebServer\domains\ishop2.loc\vendor\gabordemooij\redbean\RedBeanPHP\Driver\RPDO.php | Строка: 186
=================
[2017-08-23 16:23:04] Текст ошибки: Контроллер app\controllers\CartController не найден | Файл: D:\WebServer\domains\ishop2.loc\vendor\ishop\core\Router.php | Строка: 36
=================
[2017-08-24 11:32:20] Текст ошибки: Страница не найдена | Файл: D:\WebServer\domains\ishop2.loc\vendor\ishop\core\Router.php | Строка: 39
=================
[2017-08-24 11:32:20] Текст ошибки: Страница не найдена | Файл: D:\WebServer\domains\ishop2.loc\vendor\ishop\core\Router.php | Строка: 39
=================
[2017-08-26 12:17:37] Текст ошибки: Страница не найдена | Файл: D:\WebServer\domains\ishop2.loc\vendor\ishop\core\Router.php | Строка: 39
=================
[2017-08-26 12:17:38] Текст ошибки: Страница не найдена | Файл: D:\WebServer\domains\ishop2.loc\vendor\ishop\core\Router.php | Строка: 39
=================
[2017-08-26 12:39:18] Текст ошибки: На найден вид D:\WebServer\domains\ishop2.loc/app/views/Cart/add.php | Файл: D:\WebServer\domains\ishop2.loc\vendor\ishop\core\base\View.php | Строка: 38
=================
[2017-08-26 15:44:13] Текст ошибки: Страница не найдена | Файл: D:\WebServer\domains\ishop2.loc\vendor\ishop\core\Router.php | Строка: 39
=================
[2017-08-26 15:44:13] Текст ошибки: Страница не найдена | Файл: D:\WebServer\domains\ishop2.loc\vendor\ishop\core\Router.php | Строка: 39
=================
[2017-08-26 16:05:46] Текст ошибки: Страница не найдена | Файл: D:\WebServer\domains\ishop2.loc\vendor\ishop\core\Router.php | Строка: 39
=================
[2017-08-26 16:05:46] Текст ошибки: Страница не найдена | Файл: D:\WebServer\domains\ishop2.loc\vendor\ishop\core\Router.php | Строка: 39
=================
[2017-08-26 16:05:46] Текст ошибки: Страница не найдена | Файл: D:\WebServer\domains\ishop2.loc\vendor\ishop\core\Router.php | Строка: 39
=================
[2017-08-26 16:06:48] Текст ошибки: Страница не найдена | Файл: D:\WebServer\domains\ishop2.loc\vendor\ishop\core\Router.php | Строка: 39
=================
[2017-08-26 16:06:48] Текст ошибки: Страница не найдена | Файл: D:\WebServer\domains\ishop2.loc\vendor\ishop\core\Router.php | Строка: 39
=================
[2017-08-26 16:06:48] Текст ошибки: Страница не найдена | Файл: D:\WebServer\domains\ishop2.loc\vendor\ishop\core\Router.php | Строка: 39
=================
[2018-08-11 02:47:55] Текст ошибки: Страница не найдена | Файл: C:\OSPanel\domains\ishop2.loc\vendor\ishop\core\Router.php | Строка: 39
=================
[2018-08-11 13:04:47] Текст ошибки: Страница не найдена | Файл: C:\OSPanel\domains\ishop2.loc\vendor\ishop\core\Router.php | Строка: 39
=================
[2018-08-11 13:05:51] Текст ошибки: Страница не найдена | Файл: C:\OSPanel\domains\ishop2.loc\vendor\ishop\core\Router.php | Строка: 39
=================
[2018-08-11 13:05:54] Текст ошибки: Страница не найдена | Файл: C:\OSPanel\domains\ishop2.loc\vendor\ishop\core\Router.php | Строка: 39
=================
[2018-08-11 13:44:55] Текст ошибки: Страница не найдена | Файл: C:\OSPanel\domains\ishop2.loc\vendor\ishop\core\Router.php | Строка: 39
=================
[2018-08-11 18:26:44] Текст ошибки: Страница не найдена | Файл: C:\OSPanel\domains\ishop2.loc\vendor\ishop\core\Router.php | Строка: 39
=================
[2018-08-11 19:22:15] Текст ошибки: Контроллер app\controllers\SearchController не найден | Файл: C:\OSPanel\domains\ishop2.loc\vendor\ishop\core\Router.php | Строка: 36
=================
[2018-08-11 19:22:15] Текст ошибки: Контроллер app\controllers\SearchController не найден | Файл: C:\OSPanel\domains\ishop2.loc\vendor\ishop\core\Router.php | Строка: 36
=================
[2018-08-11 19:31:53] Текст ошибки: Контроллер app\controllers\SearchController не найден | Файл: C:\OSPanel\domains\ishop2.loc\vendor\ishop\core\Router.php | Строка: 36
=================
[2018-08-11 19:36:54] Текст ошибки: Контроллер app\controllers\SearchController не найден | Файл: C:\OSPanel\domains\ishop2.loc\vendor\ishop\core\Router.php | Строка: 36
=================
[2018-08-11 19:37:09] Текст ошибки: Контроллер app\controllers\SearchController не найден | Файл: C:\OSPanel\domains\ishop2.loc\vendor\ishop\core\Router.php | Строка: 36
=================
[2018-08-11 19:42:54] Текст ошибки: Метод app\controllers\SearchController::indexAction не найден | Файл: C:\OSPanel\domains\ishop2.loc\vendor\ishop\core\Router.php | Строка: 33
=================
[2018-08-11 19:44:32] Текст ошибки: Страница не найдена | Файл: C:\OSPanel\domains\ishop2.loc\vendor\ishop\core\Router.php | Строка: 39
=================
[2018-08-11 19:44:33] Текст ошибки: Страница не найдена | Файл: C:\OSPanel\domains\ishop2.loc\vendor\ishop\core\Router.php | Строка: 39
=================
[2018-08-11 19:44:58] Текст ошибки: Метод app\controllers\SearchController::indexAction не найден | Файл: C:\OSPanel\domains\ishop2.loc\vendor\ishop\core\Router.php | Строка: 33
=================
[2018-08-11 19:54:52] Текст ошибки: Метод app\controllers\SearchController::indexAction не найден | Файл: C:\OSPanel\domains\ishop2.loc\vendor\ishop\core\Router.php | Строка: 33
=================
[2018-08-11 19:56:57] Текст ошибки: Метод app\controllers\SearchController::indexAction не найден | Файл: C:\OSPanel\domains\ishop2.loc\vendor\ishop\core\Router.php | Строка: 33
=================
[2018-08-12 01:23:37] Текст ошибки: Страница не найдена | Файл: C:\OSPanel\domains\ishop2.loc\vendor\ishop\core\Router.php | Строка: 39
=================
[2018-08-12 01:23:37] Текст ошибки: Страница не найдена | Файл: C:\OSPanel\domains\ishop2.loc\vendor\ishop\core\Router.php | Строка: 39
=================
[2018-08-12 01:30:04] Текст ошибки: Page is not found | Файл: C:\OSPanel\domains\ishop2.loc\app\controllers\CategoryController.php | Строка: 14
=================
[2018-08-12 01:41:43] Текст ошибки: На найден вид C:\OSPanel\domains\ishop2.loc/app/views/Category/view.php | Файл: C:\OSPanel\domains\ishop2.loc\vendor\ishop\core\base\View.php | Строка: 38
=================
[2018-08-12 01:41:48] Текст ошибки: На найден вид C:\OSPanel\domains\ishop2.loc/app/views/Category/view.php | Файл: C:\OSPanel\domains\ishop2.loc\vendor\ishop\core\base\View.php | Строка: 38
=================
[2018-08-12 01:41:51] Текст ошибки: На найден вид C:\OSPanel\domains\ishop2.loc/app/views/Category/view.php | Файл: C:\OSPanel\domains\ishop2.loc\vendor\ishop\core\base\View.php | Строка: 38
=================
[2018-08-12 01:41:53] Текст ошибки: На найден вид C:\OSPanel\domains\ishop2.loc/app/views/Category/view.php | Файл: C:\OSPanel\domains\ishop2.loc\vendor\ishop\core\base\View.php | Строка: 38
=================
[2018-08-12 01:41:59] Текст ошибки: На найден вид C:\OSPanel\domains\ishop2.loc/app/views/Category/view.php | Файл: C:\OSPanel\domains\ishop2.loc\vendor\ishop\core\base\View.php | Строка: 38
=================
[2018-08-12 01:42:01] Текст ошибки: На найден вид C:\OSPanel\domains\ishop2.loc/app/views/Category/view.php | Файл: C:\OSPanel\domains\ishop2.loc\vendor\ishop\core\base\View.php | Строка: 38
=================
[2018-08-12 01:42:04] Текст ошибки: На найден вид C:\OSPanel\domains\ishop2.loc/app/views/Category/view.php | Файл: C:\OSPanel\domains\ishop2.loc\vendor\ishop\core\base\View.php | Строка: 38
=================
[2018-08-12 01:45:40] Текст ошибки: На найден вид C:\OSPanel\domains\ishop2.loc/app/views/Category/view.php | Файл: C:\OSPanel\domains\ishop2.loc\vendor\ishop\core\base\View.php | Строка: 38
=================
[2018-08-12 13:56:56] Текст ошибки: Страница не найдена | Файл: C:\OSPanel\domains\ishop2.loc\vendor\ishop\core\Router.php | Строка: 39
=================
[2018-08-12 13:57:04] Текст ошибки: Страница не найдена | Файл: C:\OSPanel\domains\ishop2.loc\vendor\ishop\core\Router.php | Строка: 39
=================
[2018-08-12 13:57:55] Текст ошибки: Страница не найдена | Файл: C:\OSPanel\domains\ishop2.loc\vendor\ishop\core\Router.php | Строка: 39
=================
[2018-08-12 13:57:55] Текст ошибки: Страница не найдена | Файл: C:\OSPanel\domains\ishop2.loc\vendor\ishop\core\Router.php | Строка: 39
=================
[2018-08-12 14:02:21] Текст ошибки: Страница не найдена | Файл: C:\OSPanel\domains\ishop2.loc\vendor\ishop\core\Router.php | Строка: 39
=================
[2018-08-12 19:21:09] Текст ошибки: Страница не найдена | Файл: C:\OSPanel\domains\ishop2.loc\vendor\ishop\core\Router.php | Строка: 39
=================
[2018-08-12 19:22:27] Текст ошибки: Страница не найдена | Файл: C:\OSPanel\domains\ishop2.loc\vendor\ishop\core\Router.php | Строка: 39
=================
[2018-08-12 19:22:56] Текст ошибки: Контроллер app\controllers\UserController не найден | Файл: C:\OSPanel\domains\ishop2.loc\vendor\ishop\core\Router.php | Строка: 36
=================
[2018-08-12 19:32:08] Текст ошибки: Страница не найдена | Файл: C:\OSPanel\domains\ishop2.loc\vendor\ishop\core\Router.php | Строка: 39
=================
[2018-08-12 19:33:22] Текст ошибки: Страница не найдена | Файл: C:\OSPanel\domains\ishop2.loc\vendor\ishop\core\Router.php | Строка: 39
=================
[2018-08-12 19:38:15] Текст ошибки: Страница не найдена | Файл: C:\OSPanel\domains\ishop2.loc\vendor\ishop\core\Router.php | Строка: 39
=================
[2018-08-12 19:39:06] Текст ошибки: Страница не найдена | Файл: C:\OSPanel\domains\ishop2.loc\vendor\ishop\core\Router.php | Строка: 39
=================
[2018-08-13 00:10:53] Текст ошибки: Страница не найдена | Файл: C:\OSPanel\domains\ishop2.loc\vendor\ishop\core\Router.php | Строка: 39
=================
[2018-08-13 00:10:56] Текст ошибки: Страница не найдена | Файл: C:\OSPanel\domains\ishop2.loc\vendor\ishop\core\Router.php | Строка: 39
=================
[2018-08-13 00:11:01] Текст ошибки: Страница не найдена | Файл: C:\OSPanel\domains\ishop2.loc\vendor\ishop\core\Router.php | Строка: 39
=================
[2018-08-13 00:11:49] Текст ошибки: Страница не найдена | Файл: C:\OSPanel\domains\ishop2.loc\vendor\ishop\core\Router.php | Строка: 39
=================
[2018-08-13 00:11:52] Текст ошибки: Страница не найдена | Файл: C:\OSPanel\domains\ishop2.loc\vendor\ishop\core\Router.php | Строка: 39
=================
[2018-08-13 00:12:03] Текст ошибки: Страница не найдена | Файл: C:\OSPanel\domains\ishop2.loc\vendor\ishop\core\Router.php | Строка: 39
=================
[2018-08-13 00:21:22] Текст ошибки: Страница не найдена | Файл: C:\OSPanel\domains\ishop2.loc\vendor\ishop\core\Router.php | Строка: 39
=================
[2018-08-13 00:22:42] Текст ошибки: Страница не найдена | Файл: C:\OSPanel\domains\ishop2.loc\vendor\ishop\core\Router.php | Строка: 39
=================
[2018-08-13 00:26:32] Текст ошибки: Страница не найдена | Файл: C:\OSPanel\domains\ishop2.loc\vendor\ishop\core\Router.php | Строка: 39
=================
[2018-08-13 00:26:33] Текст ошибки: Fail to load language file '/public/validator/lang/ru.php' | Файл: C:\OSPanel\domains\ishop2.loc\vendor\vlucas\valitron\src\Valitron\Validator.php | Строка: 112
=================
[2018-08-13 00:27:25] Текст ошибки: Страница не найдена | Файл: C:\OSPanel\domains\ishop2.loc\vendor\ishop\core\Router.php | Строка: 39
=================
[2018-08-13 00:46:00] Текст ошибки: syntax error, unexpected 'if' (T_IF) | Файл: C:\OSPanel\domains\ishop2.loc\app\controllers\UserController.php | Строка: 20
=================
[2018-08-13 00:46:18] Текст ошибки: Страница не найдена | Файл: C:\OSPanel\domains\ishop2.loc\vendor\ishop\core\Router.php | Строка: 39
=================
[2018-08-13 00:52:06] Текст ошибки: Страница не найдена | Файл: C:\OSPanel\domains\ishop2.loc\vendor\ishop\core\Router.php | Строка: 39
=================
[2018-08-13 01:12:22] Текст ошибки: Страница не найдена | Файл: C:\OSPanel\domains\ishop2.loc\vendor\ishop\core\Router.php | Строка: 39
=================
[2018-08-13 01:14:46] Текст ошибки: Страница не найдена | Файл: C:\OSPanel\domains\ishop2.loc\vendor\ishop\core\Router.php | Строка: 39
=================
[2018-08-13 01:15:26] Текст ошибки: Страница не найдена | Файл: C:\OSPanel\domains\ishop2.loc\vendor\ishop\core\Router.php | Строка: 39
=================
[2018-08-13 01:16:44] Текст ошибки: Страница не найдена | Файл: C:\OSPanel\domains\ishop2.loc\vendor\ishop\core\Router.php | Строка: 39
=================
[2018-08-13 01:16:55] Текст ошибки: Страница не найдена | Файл: C:\OSPanel\domains\ishop2.loc\vendor\ishop\core\Router.php | Строка: 39
=================
[2018-08-13 01:26:18] Текст ошибки: Страница не найдена | Файл: C:\OSPanel\domains\ishop2.loc\vendor\ishop\core\Router.php | Строка: 39
=================
[2018-08-13 01:29:29] Текст ошибки: Страница не найдена | Файл: C:\OSPanel\domains\ishop2.loc\vendor\ishop\core\Router.php | Строка: 39
=================
[2018-08-13 01:40:06] Текст ошибки: Страница не найдена | Файл: C:\OSPanel\domains\ishop2.loc\vendor\ishop\core\Router.php | Строка: 39
=================
[2018-08-13 01:43:21] Текст ошибки: Страница не найдена | Файл: C:\OSPanel\domains\ishop2.loc\vendor\ishop\core\Router.php | Строка: 39
=================
[2018-08-13 01:43:33] Текст ошибки: Страница не найдена | Файл: C:\OSPanel\domains\ishop2.loc\vendor\ishop\core\Router.php | Строка: 39
=================
[2018-08-13 01:44:10] Текст ошибки: Страница не найдена | Файл: C:\OSPanel\domains\ishop2.loc\vendor\ishop\core\Router.php | Строка: 39
=================
[2018-08-13 01:45:27] Текст ошибки: Страница не найдена | Файл: C:\OSPanel\domains\ishop2.loc\vendor\ishop\core\Router.php | Строка: 39
=================
[2018-08-13 01:47:31] Текст ошибки: Страница не найдена | Файл: C:\OSPanel\domains\ishop2.loc\vendor\ishop\core\Router.php | Строка: 39
=================
[2018-08-13 01:49:51] Текст ошибки: Страница не найдена | Файл: C:\OSPanel\domains\ishop2.loc\vendor\ishop\core\Router.php | Строка: 39
=================
[2018-08-13 01:50:01] Текст ошибки: Страница не найдена | Файл: C:\OSPanel\domains\ishop2.loc\vendor\ishop\core\Router.php | Строка: 39
=================
[2018-08-13 01:50:02] Текст ошибки: Страница не найдена | Файл: C:\OSPanel\domains\ishop2.loc\vendor\ishop\core\Router.php | Строка: 39
=================
[2018-08-13 01:58:23] Текст ошибки: Страница не найдена | Файл: C:\OSPanel\domains\ishop2.loc\vendor\ishop\core\Router.php | Строка: 39
=================
[2018-08-13 02:00:18] Текст ошибки: Страница не найдена | Файл: C:\OSPanel\domains\ishop2.loc\vendor\ishop\core\Router.php | Строка: 39
=================
[2018-08-13 02:00:55] Текст ошибки: Страница не найдена | Файл: C:\OSPanel\domains\ishop2.loc\vendor\ishop\core\Router.php | Строка: 39
=================
[2018-08-13 02:01:00] Текст ошибки: Страница не найдена | Файл: C:\OSPanel\domains\ishop2.loc\vendor\ishop\core\Router.php | Строка: 39
=================
[2018-08-13 13:37:51] Текст ошибки: Страница не найдена | Файл: C:\OSPanel\domains\ishop2.loc\vendor\ishop\core\Router.php | Строка: 39
=================
[2018-08-13 13:48:36] Текст ошибки: Метод app\controllers\CartController::viewAction не найден | Файл: C:\OSPanel\domains\ishop2.loc\vendor\ishop\core\Router.php | Строка: 33
=================
[2018-08-13 13:50:37] Текст ошибки: Страница не найдена | Файл: C:\OSPanel\domains\ishop2.loc\vendor\ishop\core\Router.php | Строка: 39
=================
[2018-08-13 13:52:39] Текст ошибки: Страница не найдена | Файл: C:\OSPanel\domains\ishop2.loc\vendor\ishop\core\Router.php | Строка: 39
=================
[2018-08-13 14:04:47] Текст ошибки: Страница не найдена | Файл: C:\OSPanel\domains\ishop2.loc\vendor\ishop\core\Router.php | Строка: 39
=================
[2018-08-13 14:14:02] Текст ошибки: Страница не найдена | Файл: C:\OSPanel\domains\ishop2.loc\vendor\ishop\core\Router.php | Строка: 39
=================
[2018-08-13 14:18:26] Текст ошибки: Страница не найдена | Файл: C:\OSPanel\domains\ishop2.loc\vendor\ishop\core\Router.php | Строка: 39
=================
[2018-08-13 14:18:35] Текст ошибки: Страница не найдена | Файл: C:\OSPanel\domains\ishop2.loc\vendor\ishop\core\Router.php | Строка: 39
=================
[2018-08-13 14:18:55] Текст ошибки: Страница не найдена | Файл: C:\OSPanel\domains\ishop2.loc\vendor\ishop\core\Router.php | Строка: 39
=================
[2018-08-13 14:19:32] Текст ошибки: Страница не найдена | Файл: C:\OSPanel\domains\ishop2.loc\vendor\ishop\core\Router.php | Строка: 39
=================
[2018-08-13 14:19:34] Текст ошибки: Страница не найдена | Файл: C:\OSPanel\domains\ishop2.loc\vendor\ishop\core\Router.php | Строка: 39
=================
[2018-08-13 14:19:35] Текст ошибки: Страница не найдена | Файл: C:\OSPanel\domains\ishop2.loc\vendor\ishop\core\Router.php | Строка: 39
=================
[2018-08-13 14:19:48] Текст ошибки: Страница не найдена | Файл: C:\OSPanel\domains\ishop2.loc\vendor\ishop\core\Router.php | Строка: 39
=================
[2018-08-13 14:20:20] Текст ошибки: syntax error, unexpected '{', expecting '(' | Файл: C:\OSPanel\domains\ishop2.loc\app\models\User.php | Строка: 70
=================
[2018-08-13 14:23:34] Текст ошибки: Страница не найдена | Файл: C:\OSPanel\domains\ishop2.loc\vendor\ishop\core\Router.php | Строка: 39
=================
[2018-08-13 14:23:44] Текст ошибки: Страница не найдена | Файл: C:\OSPanel\domains\ishop2.loc\vendor\ishop\core\Router.php | Строка: 39
=================
[2018-08-13 14:23:51] Текст ошибки: Страница не найдена | Файл: C:\OSPanel\domains\ishop2.loc\vendor\ishop\core\Router.php | Строка: 39
=================
[2018-08-13 14:24:19] Текст ошибки: Страница не найдена | Файл: C:\OSPanel\domains\ishop2.loc\vendor\ishop\core\Router.php | Строка: 39
=================
[2018-08-13 14:38:27] Текст ошибки: Страница не найдена | Файл: C:\OSPanel\domains\ishop2.loc\vendor\ishop\core\Router.php | Строка: 39
=================
[2018-08-13 14:39:01] Текст ошибки: Страница не найдена | Файл: C:\OSPanel\domains\ishop2.loc\vendor\ishop\core\Router.php | Строка: 39
=================
[2018-08-13 14:39:04] Текст ошибки: Страница не найдена | Файл: C:\OSPanel\domains\ishop2.loc\vendor\ishop\core\Router.php | Строка: 39
=================
[2018-08-13 14:39:08] Текст ошибки: Страница не найдена | Файл: C:\OSPanel\domains\ishop2.loc\vendor\ishop\core\Router.php | Строка: 39
=================
[2018-08-13 14:39:28] Текст ошибки: Страница не найдена | Файл: C:\OSPanel\domains\ishop2.loc\vendor\ishop\core\Router.php | Строка: 39
=================
[2018-08-13 14:39:42] Текст ошибки: Страница не найдена | Файл: C:\OSPanel\domains\ishop2.loc\vendor\ishop\core\Router.php | Строка: 39
=================
[2018-08-13 14:39:57] Текст ошибки: Страница не найдена | Файл: C:\OSPanel\domains\ishop2.loc\vendor\ishop\core\Router.php | Строка: 39
=================
[2018-08-13 14:40:09] Текст ошибки: Страница не найдена | Файл: C:\OSPanel\domains\ishop2.loc\vendor\ishop\core\Router.php | Строка: 39
=================
[2018-08-13 14:40:48] Текст ошибки: Страница не найдена | Файл: C:\OSPanel\domains\ishop2.loc\vendor\ishop\core\Router.php | Строка: 39
=================
[2018-08-13 14:41:28] Текст ошибки: Страница не найдена | Файл: C:\OSPanel\domains\ishop2.loc\vendor\ishop\core\Router.php | Строка: 39
=================
[2018-08-13 14:44:17] Текст ошибки: Страница не найдена | Файл: C:\OSPanel\domains\ishop2.loc\vendor\ishop\core\Router.php | Строка: 39
=================
[2018-08-13 14:44:25] Текст ошибки: Страница не найдена | Файл: C:\OSPanel\domains\ishop2.loc\vendor\ishop\core\Router.php | Строка: 39
=================
[2018-08-13 14:44:36] Текст ошибки: Страница не найдена | Файл: C:\OSPanel\domains\ishop2.loc\vendor\ishop\core\Router.php | Строка: 39
=================
[2018-08-13 14:44:38] Текст ошибки: Страница не найдена | Файл: C:\OSPanel\domains\ishop2.loc\vendor\ishop\core\Router.php | Строка: 39
=================
[2018-08-13 14:44:39] Текст ошибки: Страница не найдена | Файл: C:\OSPanel\domains\ishop2.loc\vendor\ishop\core\Router.php | Строка: 39
=================
[2018-08-13 14:44:41] Текст ошибки: Страница не найдена | Файл: C:\OSPanel\domains\ishop2.loc\vendor\ishop\core\Router.php | Строка: 39
=================
[2018-08-13 15:14:10] Текст ошибки: Страница не найдена | Файл: C:\OSPanel\domains\ishop2.loc\vendor\ishop\core\Router.php | Строка: 39
=================
[2018-08-13 15:14:16] Текст ошибки: Страница не найдена | Файл: C:\OSPanel\domains\ishop2.loc\vendor\ishop\core\Router.php | Строка: 39
=================
[2018-08-13 15:14:21] Текст ошибки: Страница не найдена | Файл: C:\OSPanel\domains\ishop2.loc\vendor\ishop\core\Router.php | Строка: 39
=================
[2018-08-13 15:14:36] Текст ошибки: Страница не найдена | Файл: C:\OSPanel\domains\ishop2.loc\vendor\ishop\core\Router.php | Строка: 39
=================
[2018-08-13 15:15:59] Текст ошибки: Страница не найдена | Файл: C:\OSPanel\domains\ishop2.loc\vendor\ishop\core\Router.php | Строка: 39
=================
[2018-08-13 15:16:21] Текст ошибки: Страница не найдена | Файл: C:\OSPanel\domains\ishop2.loc\vendor\ishop\core\Router.php | Строка: 39
=================
[2018-08-13 15:17:06] Текст ошибки: Страница не найдена | Файл: C:\OSPanel\domains\ishop2.loc\vendor\ishop\core\Router.php | Строка: 39
=================
[2018-08-13 18:48:16] Текст ошибки: Страница не найдена | Файл: C:\OSPanel\domains\ishop2.loc\vendor\ishop\core\Router.php | Строка: 39
=================
[2018-08-13 18:55:01] Текст ошибки: Страница не найдена | Файл: C:\OSPanel\domains\ishop2.loc\vendor\ishop\core\Router.php | Строка: 39
=================
[2018-08-13 18:55:14] Текст ошибки: Страница не найдена | Файл: C:\OSPanel\domains\ishop2.loc\vendor\ishop\core\Router.php | Строка: 39
=================
[2018-08-13 21:08:43] Текст ошибки: Метод app\controllers\CategoryController::indexAction не найден | Файл: C:\OSPanel\domains\ishop2.loc\vendor\ishop\core\Router.php | Строка: 33
=================
[2018-08-13 21:08:44] Текст ошибки: Страница не найдена | Файл: C:\OSPanel\domains\ishop2.loc\vendor\ishop\core\Router.php | Строка: 39
=================
[2018-08-13 21:09:09] Текст ошибки: Страница не найдена | Файл: C:\OSPanel\domains\ishop2.loc\vendor\ishop\core\Router.php | Строка: 39
=================
[2018-08-13 21:09:10] Текст ошибки: Страница не найдена | Файл: C:\OSPanel\domains\ishop2.loc\vendor\ishop\core\Router.php | Строка: 39
=================
[2018-08-13 21:11:56] Текст ошибки: Страница не найдена | Файл: C:\OSPanel\domains\ishop2.loc\vendor\ishop\core\Router.php | Строка: 39
=================
[2018-08-13 21:13:09] Текст ошибки: Страница не найдена | Файл: C:\OSPanel\domains\ishop2.loc\vendor\ishop\core\Router.php | Строка: 39
=================
[2018-08-13 21:15:50] Текст ошибки: Страница не найдена | Файл: C:\OSPanel\domains\ishop2.loc\vendor\ishop\core\Router.php | Строка: 39
=================
[2018-08-13 22:48:21] Текст ошибки: Страница не найдена | Файл: C:\OSPanel\domains\ishop2.loc\vendor\ishop\core\Router.php | Строка: 39
=================
[2018-08-13 23:11:09] Текст ошибки: Страница не найдена | Файл: C:\OSPanel\domains\ishop2.loc\vendor\ishop\core\Router.php | Строка: 39
=================
[2018-08-13 23:13:06] Текст ошибки: Страница не найдена | Файл: C:\OSPanel\domains\ishop2.loc\vendor\ishop\core\Router.php | Строка: 39
=================
[2018-08-13 23:17:09] Текст ошибки: Страница не найдена | Файл: C:\OSPanel\domains\ishop2.loc\vendor\ishop\core\Router.php | Строка: 39
=================
[2018-08-13 23:17:27] Текст ошибки: Страница не найдена | Файл: C:\OSPanel\domains\ishop2.loc\vendor\ishop\core\Router.php | Строка: 39
=================
[2018-08-13 23:35:07] Текст ошибки: Страница не найдена | Файл: C:\OSPanel\domains\ishop2.loc\vendor\ishop\core\Router.php | Строка: 39
=================
[2018-08-13 23:35:26] Текст ошибки: Страница не найдена | Файл: C:\OSPanel\domains\ishop2.loc\vendor\ishop\core\Router.php | Строка: 39
=================
[2018-08-13 23:45:01] Текст ошибки: Страница не найдена | Файл: C:\OSPanel\domains\ishop2.loc\vendor\ishop\core\Router.php | Строка: 39
=================
[2018-08-13 23:45:12] Текст ошибки: Страница не найдена | Файл: C:\OSPanel\domains\ishop2.loc\vendor\ishop\core\Router.php | Строка: 39
=================
[2018-08-13 23:45:13] Текст ошибки: Страница не найдена | Файл: C:\OSPanel\domains\ishop2.loc\vendor\ishop\core\Router.php | Строка: 39
=================
[2018-08-13 23:46:33] Текст ошибки: Страница не найдена | Файл: C:\OSPanel\domains\ishop2.loc\vendor\ishop\core\Router.php | Строка: 39
=================
[2018-08-13 23:46:55] Текст ошибки: Страница не найдена | Файл: C:\OSPanel\domains\ishop2.loc\vendor\ishop\core\Router.php | Строка: 39
=================
[2018-08-13 23:46:56] Текст ошибки: Страница не найдена | Файл: C:\OSPanel\domains\ishop2.loc\vendor\ishop\core\Router.php | Строка: 39
=================
[2018-08-13 23:53:45] Текст ошибки: Страница не найдена | Файл: C:\OSPanel\domains\ishop2.loc\vendor\ishop\core\Router.php | Строка: 39
=================
[2018-08-13 23:54:27] Текст ошибки: Страница не найдена | Файл: C:\OSPanel\domains\ishop2.loc\vendor\ishop\core\Router.php | Строка: 39
=================
[2018-08-13 23:54:43] Текст ошибки: Страница не найдена | Файл: C:\OSPanel\domains\ishop2.loc\vendor\ishop\core\Router.php | Строка: 39
=================
[2018-08-14 00:31:00] Текст ошибки: Страница не найдена | Файл: C:\OSPanel\domains\ishop2.loc\vendor\ishop\core\Router.php | Строка: 39
=================
[2018-08-14 00:32:37] Текст ошибки: Страница не найдена | Файл: C:\OSPanel\domains\ishop2.loc\vendor\ishop\core\Router.php | Строка: 39
=================
[2018-08-14 00:32:42] Текст ошибки: Страница не найдена | Файл: C:\OSPanel\domains\ishop2.loc\vendor\ishop\core\Router.php | Строка: 39
=================
[2018-08-14 00:33:12] Текст ошибки: Страница не найдена | Файл: C:\OSPanel\domains\ishop2.loc\vendor\ishop\core\Router.php | Строка: 39
=================
[2018-08-14 00:33:15] Текст ошибки: Страница не найдена | Файл: C:\OSPanel\domains\ishop2.loc\vendor\ishop\core\Router.php | Строка: 39
=================
[2018-08-14 00:33:51] Текст ошибки: Страница не найдена | Файл: C:\OSPanel\domains\ishop2.loc\vendor\ishop\core\Router.php | Строка: 39
=================
[2018-08-14 00:33:53] Текст ошибки: Страница не найдена | Файл: C:\OSPanel\domains\ishop2.loc\vendor\ishop\core\Router.php | Строка: 39
=================
[2018-08-14 00:33:55] Текст ошибки: Страница не найдена | Файл: C:\OSPanel\domains\ishop2.loc\vendor\ishop\core\Router.php | Строка: 39
=================
[2018-08-14 00:34:49] Текст ошибки: Страница не найдена | Файл: C:\OSPanel\domains\ishop2.loc\vendor\ishop\core\Router.php | Строка: 39
=================
[2018-08-14 00:34:50] Текст ошибки: Страница не найдена | Файл: C:\OSPanel\domains\ishop2.loc\vendor\ishop\core\Router.php | Строка: 39
=================
[2018-08-14 00:34:50] Текст ошибки: Страница не найдена | Файл: C:\OSPanel\domains\ishop2.loc\vendor\ishop\core\Router.php | Строка: 39
=================
[2018-08-14 00:34:50] Текст ошибки: Страница не найдена | Файл: C:\OSPanel\domains\ishop2.loc\vendor\ishop\core\Router.php | Строка: 39
=================
[2018-08-14 00:34:51] Текст ошибки: Страница не найдена | Файл: C:\OSPanel\domains\ishop2.loc\vendor\ishop\core\Router.php | Строка: 39
=================
[2018-08-14 00:34:51] Текст ошибки: Страница не найдена | Файл: C:\OSPanel\domains\ishop2.loc\vendor\ishop\core\Router.php | Строка: 39
=================
[2018-08-14 00:34:51] Текст ошибки: Страница не найдена | Файл: C:\OSPanel\domains\ishop2.loc\vendor\ishop\core\Router.php | Строка: 39
=================
[2018-08-14 00:34:52] Текст ошибки: Страница не найдена | Файл: C:\OSPanel\domains\ishop2.loc\vendor\ishop\core\Router.php | Строка: 39
=================
[2018-08-14 00:34:52] Текст ошибки: Страница не найдена | Файл: C:\OSPanel\domains\ishop2.loc\vendor\ishop\core\Router.php | Строка: 39
=================
[2018-08-14 00:34:52] Текст ошибки: Страница не найдена | Файл: C:\OSPanel\domains\ishop2.loc\vendor\ishop\core\Router.php | Строка: 39
=================
[2018-08-14 00:34:53] Текст ошибки: Страница не найдена | Файл: C:\OSPanel\domains\ishop2.loc\vendor\ishop\core\Router.php | Строка: 39
=================
[2018-08-14 00:35:02] Текст ошибки: Страница не найдена | Файл: C:\OSPanel\domains\ishop2.loc\vendor\ishop\core\Router.php | Строка: 39
=================
[2018-08-14 00:35:04] Текст ошибки: Страница не найдена | Файл: C:\OSPanel\domains\ishop2.loc\vendor\ishop\core\Router.php | Строка: 39
=================
[2018-08-14 00:35:32] Текст ошибки: Страница не найдена | Файл: C:\OSPanel\domains\ishop2.loc\vendor\ishop\core\Router.php | Строка: 39
=================
[2018-08-14 00:35:34] Текст ошибки: Страница не найдена | Файл: C:\OSPanel\domains\ishop2.loc\vendor\ishop\core\Router.php | Строка: 39
=================
[2018-08-14 00:35:35] Текст ошибки: Страница не найдена | Файл: C:\OSPanel\domains\ishop2.loc\vendor\ishop\core\Router.php | Строка: 39
=================
[2018-08-14 00:38:39] Текст ошибки: Страница не найдена | Файл: C:\OSPanel\domains\ishop2.loc\vendor\ishop\core\Router.php | Строка: 39
=================
[2018-08-14 00:38:41] Текст ошибки: Страница не найдена | Файл: C:\OSPanel\domains\ishop2.loc\vendor\ishop\core\Router.php | Строка: 39
=================
[2018-08-14 00:41:07] Текст ошибки: Страница не найдена | Файл: C:\OSPanel\domains\ishop2.loc\vendor\ishop\core\Router.php | Строка: 39
=================
[2018-08-14 00:41:33] Текст ошибки: Страница не найдена | Файл: C:\OSPanel\domains\ishop2.loc\vendor\ishop\core\Router.php | Строка: 39
=================
[2018-08-14 00:42:24] Текст ошибки: Страница не найдена | Файл: C:\OSPanel\domains\ishop2.loc\vendor\ishop\core\Router.php | Строка: 39
=================
[2018-08-14 00:42:32] Текст ошибки: Страница не найдена | Файл: C:\OSPanel\domains\ishop2.loc\vendor\ishop\core\Router.php | Строка: 39
=================
[2018-08-14 00:42:49] Текст ошибки: Страница не найдена | Файл: C:\OSPanel\domains\ishop2.loc\vendor\ishop\core\Router.php | Строка: 39
=================
[2018-08-14 00:42:55] Текст ошибки: Страница не найдена | Файл: C:\OSPanel\domains\ishop2.loc\vendor\ishop\core\Router.php | Строка: 39
=================
[2018-08-14 00:43:01] Текст ошибки: Страница не найдена | Файл: C:\OSPanel\domains\ishop2.loc\vendor\ishop\core\Router.php | Строка: 39
=================
[2018-08-14 00:43:08] Текст ошибки: Страница не найдена | Файл: C:\OSPanel\domains\ishop2.loc\vendor\ishop\core\Router.php | Строка: 39
=================
[2018-08-14 00:43:11] Текст ошибки: Страница не найдена | Файл: C:\OSPanel\domains\ishop2.loc\vendor\ishop\core\Router.php | Строка: 39
=================
[2018-08-14 00:43:16] Текст ошибки: Страница не найдена | Файл: C:\OSPanel\domains\ishop2.loc\vendor\ishop\core\Router.php | Строка: 39
=================
[2018-08-14 00:44:21] Текст ошибки: Страница не найдена | Файл: C:\OSPanel\domains\ishop2.loc\vendor\ishop\core\Router.php | Строка: 39
=================
[2018-08-14 00:44:54] Текст ошибки: Страница не найдена | Файл: C:\OSPanel\domains\ishop2.loc\vendor\ishop\core\Router.php | Строка: 39
=================
[2018-08-14 00:45:19] Текст ошибки: Страница не найдена | Файл: C:\OSPanel\domains\ishop2.loc\vendor\ishop\core\Router.php | Строка: 39
=================
